<?xml version="1.0" encoding="UTF-8"?>
<!-- Generated by org.testng.reporters.JUnitReportReporter -->
<testsuite skipped="0" hostname="ShahnajSultana" name="com.TestNG.Factory.Factory2Test" tests="2" failures="0" timestamp="2021-10-30T21:11:42 BDT" time="0.003" errors="0">
  <testcase name="Factory2Method1" time="0.002" classname="com.TestNG.Factory.Factory2Test"/>
  <system-out/>
  <testcase name="Factory2Method2" time="0.001" classname="com.TestNG.Factory.Factory2Test"/>
  <system-out/>
</testsuite> <!-- com.TestNG.Factory.Factory2Test -->
