<?xml version="1.0" encoding="UTF-8"?>
<!-- Generated by org.testng.reporters.JUnitReportReporter -->
<testsuite skipped="0" hostname="ShahnajSultana" name="com.TestNG.ParallelDemo.ParallelDemo2" tests="2" failures="0" timestamp="2021-10-30T19:49:49 BDT" time="24.639" errors="0">
  <testcase name="herokuLinkTest" time="15.425" classname="com.TestNG.ParallelDemo.ParallelDemo2"/>
  <system-out/>
  <testcase name="googleTitleTest" time="9.214" classname="com.TestNG.ParallelDemo.ParallelDemo2"/>
  <system-out/>
</testsuite> <!-- com.TestNG.ParallelDemo.ParallelDemo2 -->
