<?xml version="1.0" encoding="UTF-8"?>
<!-- Generated by org.testng.reporters.JUnitReportReporter -->
<testsuite skipped="0" hostname="ShahnajSultana" name="com.TestNG.ParallelDemo.ParallelDemo" tests="2" failures="0" timestamp="2021-10-30T19:49:49 BDT" time="24.640" errors="0">
  <testcase name="googleTitleTest" time="9.200" classname="com.TestNG.ParallelDemo.ParallelDemo"/>
  <system-out/>
  <testcase name="herokuLinkTest" time="15.440" classname="com.TestNG.ParallelDemo.ParallelDemo"/>
  <system-out/>
</testsuite> <!-- com.TestNG.ParallelDemo.ParallelDemo -->
