<?xml version="1.0" encoding="UTF-8"?>
<!-- Generated by org.testng.reporters.JUnitReportReporter -->
<testsuite skipped="0" hostname="ShahnajSultana" name="com.TestNG.Factory.Factory1Test" tests="1" failures="0" timestamp="2021-10-30T21:11:42 BDT" time="0.007" errors="0">
  <testcase name="Factory1Method1" time="0.007" classname="com.TestNG.Factory.Factory1Test"/>
  <system-out/>
</testsuite> <!-- com.TestNG.Factory.Factory1Test -->
