<?xml version="1.0" encoding="UTF-8"?>
<!-- Generated by org.testng.reporters.JUnitReportReporter -->
<testsuite skipped="0" hostname="ShahnajSultana" name="com.TestNG.Runner.TestNGClass2" tests="1" failures="0" timestamp="2021-10-30T20:21:24 BDT" time="0.000" errors="0">
  <testcase name="class2Method1" time="0.000" classname="com.TestNG.Runner.TestNGClass2"/>
  <system-out/>
</testsuite> <!-- com.TestNG.Runner.TestNGClass2 -->
