<?xml version="1.0" encoding="UTF-8"?>
<!-- Generated by org.testng.reporters.JUnitReportReporter -->
<testsuite skipped="0" hostname="ShahnajSultana" name="com.TestNG.TestNGDemo.AnnotationDemo" tests="2" failures="0" timestamp="2021-10-30T12:51:05 BDT" time="0.011" errors="0">
  <testcase name="TestCase1" time="0.005" classname="com.TestNG.TestNGDemo.AnnotationDemo"/>
  <system-out/>
  <testcase name="TestCase" time="0.006" classname="com.TestNG.TestNGDemo.AnnotationDemo"/>
  <system-out/>
</testsuite> <!-- com.TestNG.TestNGDemo.AnnotationDemo -->
