<?xml version="1.0" encoding="UTF-8"?>
<!-- Generated by org.testng.reporters.JUnitReportReporter -->
<testsuite skipped="0" hostname="ShahnajSultana" name="com.TestNG.TestNGDemo.GroupDemo" tests="4" failures="0" timestamp="2021-10-30T18:09:06 BDT" time="37.622" errors="0">
  <testcase name="herokuLinkTest" time="11.300" classname="com.TestNG.TestNGDemo.GroupDemo"/>
  <system-out/>
  <testcase name="googleTitleTest" time="5.422" classname="com.TestNG.TestNGDemo.GroupDemo"/>
  <system-out/>
  <testcase name="googleGmailTest" time="11.521" classname="com.TestNG.TestNGDemo.GroupDemo"/>
  <system-out/>
  <testcase name="herokuLinkCheckboxTest" time="9.379" classname="com.TestNG.TestNGDemo.GroupDemo"/>
  <system-out/>
</testsuite> <!-- com.TestNG.TestNGDemo.GroupDemo -->
