<?xml version="1.0" encoding="UTF-8"?>
<!-- Generated by org.testng.reporters.JUnitReportReporter -->
<testsuite skipped="0" hostname="ShahnajSultana" name="com.TestNG.TestNGDemo.ParametersDemo" tests="1" failures="0" timestamp="2021-10-30T18:30:03 BDT" time="0.012" errors="0">
  <testcase name="parameterTest" time="0.012" classname="com.TestNG.TestNGDemo.ParametersDemo"/>
  <system-out/>
</testsuite> <!-- com.TestNG.TestNGDemo.ParametersDemo -->
